<?xml version="1.0" encoding="utf-8"?><testsuites><testsuite name="pytest" errors="0" failures="0" skipped="0" tests="1" time="0.111" timestamp="2022-10-21T17:00:22.422097" hostname="ip-172-31-94-113"><testcase classname="test.test_functions" name="test_with_patch" time="0.001" /></testsuite></testsuites>